[QinDouYin/Jaki]2022/06/06 - 12:49:31.290	[34minfo[0m	C:/Users/Lenovo/Desktop/douyin/QinYin/QingYin/initialize/gorm_mysql.go:51	register table success
[QinDouYin/Jaki]2022/06/06 - 12:49:31.292	[34minfo[0m	C:/Users/Lenovo/Desktop/douyin/QinYin/QingYin/initialize/router.go:18	文件上传路径:	{"filePath:": "uploads/file"}
[QinDouYin/Jaki]2022/06/06 - 12:49:31.292	[34minfo[0m	C:/Users/Lenovo/Desktop/douyin/QinYin/QingYin/initialize/router.go:20	use middleware logger
[QinDouYin/Jaki]2022/06/06 - 12:49:31.294	[34minfo[0m	C:/Users/Lenovo/Desktop/douyin/QinYin/QingYin/initialize/router.go:32	router register success
[QinDouYin/Jaki]2022/06/06 - 12:49:31.298	[34minfo[0m	C:/Users/Lenovo/Desktop/douyin/QinYin/QingYin/core/server.go:26	server run success on 	{"address": ":8080"}
[QinDouYin/Jaki]2022/06/06 - 12:54:28.807	[34minfo[0m	C:/Users/Lenovo/Desktop/douyin/QinYin/QingYin/initialize/gorm_mysql.go:51	register table success
[QinDouYin/Jaki]2022/06/06 - 12:54:28.807	[34minfo[0m	C:/Users/Lenovo/Desktop/douyin/QinYin/QingYin/initialize/router.go:18	文件上传路径:	{"filePath:": "uploads/file"}
[QinDouYin/Jaki]2022/06/06 - 12:54:28.807	[34minfo[0m	C:/Users/Lenovo/Desktop/douyin/QinYin/QingYin/initialize/router.go:20	use middleware logger
[QinDouYin/Jaki]2022/06/06 - 12:54:28.808	[34minfo[0m	C:/Users/Lenovo/Desktop/douyin/QinYin/QingYin/initialize/router.go:32	router register success
[QinDouYin/Jaki]2022/06/06 - 12:54:28.816	[34minfo[0m	C:/Users/Lenovo/Desktop/douyin/QinYin/QingYin/core/server.go:26	server run success on 	{"address": ":8080"}
[QinDouYin/Jaki]2022/06/06 - 12:59:29.871	[34minfo[0m	C:/Users/Lenovo/Desktop/douyin/QinYin/QingYin/initialize/gorm_mysql.go:51	register table success
[QinDouYin/Jaki]2022/06/06 - 12:59:29.872	[34minfo[0m	C:/Users/Lenovo/Desktop/douyin/QinYin/QingYin/initialize/router.go:18	文件上传路径:	{"filePath:": "uploads/file"}
[QinDouYin/Jaki]2022/06/06 - 12:59:29.872	[34minfo[0m	C:/Users/Lenovo/Desktop/douyin/QinYin/QingYin/initialize/router.go:20	use middleware logger
[QinDouYin/Jaki]2022/06/06 - 12:59:29.873	[34minfo[0m	C:/Users/Lenovo/Desktop/douyin/QinYin/QingYin/initialize/router.go:32	router register success
[QinDouYin/Jaki]2022/06/06 - 12:59:29.874	[34minfo[0m	C:/Users/Lenovo/Desktop/douyin/QinYin/QingYin/core/server.go:26	server run success on 	{"address": ":8080"}
[QinDouYin/Jaki]2022/06/06 - 13:17:14.801	[34minfo[0m	C:/Users/Lenovo/Desktop/douyin/QinYin/QingYin/initialize/gorm_mysql.go:51	register table success
[QinDouYin/Jaki]2022/06/06 - 13:17:14.802	[34minfo[0m	C:/Users/Lenovo/Desktop/douyin/QinYin/QingYin/initialize/router.go:18	文件上传路径:	{"filePath:": "uploads/file"}
[QinDouYin/Jaki]2022/06/06 - 13:17:14.802	[34minfo[0m	C:/Users/Lenovo/Desktop/douyin/QinYin/QingYin/initialize/router.go:20	use middleware logger
[QinDouYin/Jaki]2022/06/06 - 13:17:14.803	[34minfo[0m	C:/Users/Lenovo/Desktop/douyin/QinYin/QingYin/initialize/router.go:32	router register success
[QinDouYin/Jaki]2022/06/06 - 13:17:14.815	[34minfo[0m	C:/Users/Lenovo/Desktop/douyin/QinYin/QingYin/core/server.go:26	server run success on 	{"address": ":8080"}
[QinDouYin/Jaki]2022/06/06 - 20:57:55.713	[34minfo[0m	C:/Users/Lenovo/Desktop/douyin/QinYin/QingYin/initialize/gorm_mysql.go:51	register table success
[QinDouYin/Jaki]2022/06/06 - 20:57:55.723	[34minfo[0m	C:/Users/Lenovo/Desktop/douyin/QinYin/QingYin/initialize/router.go:18	文件上传路径:	{"filePath:": "uploads/file"}
[QinDouYin/Jaki]2022/06/06 - 20:57:55.723	[34minfo[0m	C:/Users/Lenovo/Desktop/douyin/QinYin/QingYin/initialize/router.go:20	use middleware logger
[QinDouYin/Jaki]2022/06/06 - 20:57:55.724	[34minfo[0m	C:/Users/Lenovo/Desktop/douyin/QinYin/QingYin/initialize/router.go:32	router register success
[QinDouYin/Jaki]2022/06/06 - 20:57:55.724	[34minfo[0m	C:/Users/Lenovo/Desktop/douyin/QinYin/QingYin/core/server.go:26	server run success on 	{"address": ":8080"}
[QinDouYin/Jaki]2022/06/06 - 21:48:12.969	[34minfo[0m	C:/Users/Lenovo/Desktop/douyin/QinYin/QingYin/initialize/gorm_mysql.go:49	register table success
[QinDouYin/Jaki]2022/06/06 - 21:48:12.970	[34minfo[0m	C:/Users/Lenovo/Desktop/douyin/QinYin/QingYin/initialize/router.go:18	文件上传路径:	{"filePath:": "uploads/file"}
[QinDouYin/Jaki]2022/06/06 - 21:48:12.970	[34minfo[0m	C:/Users/Lenovo/Desktop/douyin/QinYin/QingYin/initialize/router.go:20	use middleware logger
[QinDouYin/Jaki]2022/06/06 - 21:48:12.973	[34minfo[0m	C:/Users/Lenovo/Desktop/douyin/QinYin/QingYin/initialize/router.go:32	router register success
[QinDouYin/Jaki]2022/06/06 - 21:48:12.987	[34minfo[0m	C:/Users/Lenovo/Desktop/douyin/QinYin/QingYin/core/server.go:26	server run success on 	{"address": ":8080"}
[QinDouYin/Jaki]2022/06/06 - 21:54:48.958	[34minfo[0m	C:/Users/Lenovo/Desktop/douyin/QinYin/QingYin/initialize/gorm_mysql.go:49	register table success
[QinDouYin/Jaki]2022/06/06 - 21:54:48.958	[34minfo[0m	C:/Users/Lenovo/Desktop/douyin/QinYin/QingYin/initialize/router.go:18	文件上传路径:	{"filePath:": "uploads/file"}
[QinDouYin/Jaki]2022/06/06 - 21:54:48.958	[34minfo[0m	C:/Users/Lenovo/Desktop/douyin/QinYin/QingYin/initialize/router.go:20	use middleware logger
[QinDouYin/Jaki]2022/06/06 - 21:54:48.960	[34minfo[0m	C:/Users/Lenovo/Desktop/douyin/QinYin/QingYin/initialize/router.go:32	router register success
[QinDouYin/Jaki]2022/06/06 - 21:54:48.968	[34minfo[0m	C:/Users/Lenovo/Desktop/douyin/QinYin/QingYin/core/server.go:26	server run success on 	{"address": ":8080"}
[QinDouYin/Jaki]2022/06/06 - 21:55:29.882	[34minfo[0m	C:/Users/Lenovo/Desktop/douyin/QinYin/QingYin/initialize/gorm_mysql.go:49	register table success
[QinDouYin/Jaki]2022/06/06 - 21:55:29.883	[34minfo[0m	C:/Users/Lenovo/Desktop/douyin/QinYin/QingYin/initialize/router.go:18	文件上传路径:	{"filePath:": "uploads/file"}
[QinDouYin/Jaki]2022/06/06 - 21:55:29.883	[34minfo[0m	C:/Users/Lenovo/Desktop/douyin/QinYin/QingYin/initialize/router.go:20	use middleware logger
[QinDouYin/Jaki]2022/06/06 - 21:55:29.885	[34minfo[0m	C:/Users/Lenovo/Desktop/douyin/QinYin/QingYin/initialize/router.go:32	router register success
[QinDouYin/Jaki]2022/06/06 - 21:55:29.887	[34minfo[0m	C:/Users/Lenovo/Desktop/douyin/QinYin/QingYin/core/server.go:26	server run success on 	{"address": ":8080"}
[QinDouYin/Jaki]2022/06/06 - 21:59:36.634	[34minfo[0m	C:/Users/Lenovo/Desktop/douyin/QinYin/QingYin/initialize/gorm_mysql.go:49	register table success
[QinDouYin/Jaki]2022/06/06 - 21:59:36.634	[34minfo[0m	C:/Users/Lenovo/Desktop/douyin/QinYin/QingYin/initialize/router.go:18	文件上传路径:	{"filePath:": "uploads/file"}
[QinDouYin/Jaki]2022/06/06 - 21:59:36.634	[34minfo[0m	C:/Users/Lenovo/Desktop/douyin/QinYin/QingYin/initialize/router.go:20	use middleware logger
[QinDouYin/Jaki]2022/06/06 - 21:59:36.636	[34minfo[0m	C:/Users/Lenovo/Desktop/douyin/QinYin/QingYin/initialize/router.go:32	router register success
[QinDouYin/Jaki]2022/06/06 - 21:59:36.649	[34minfo[0m	C:/Users/Lenovo/Desktop/douyin/QinYin/QingYin/core/server.go:26	server run success on 	{"address": ":8080"}
[QinDouYin/Jaki]2022/06/06 - 23:03:16.495	[34minfo[0m	C:/Users/Lenovo/Desktop/douyin/QinYin/QingYin/initialize/gorm_mysql.go:49	register table success
[QinDouYin/Jaki]2022/06/06 - 23:03:16.496	[34minfo[0m	C:/Users/Lenovo/Desktop/douyin/QinYin/QingYin/initialize/router.go:18	文件上传路径:	{"filePath:": "uploads/file"}
[QinDouYin/Jaki]2022/06/06 - 23:03:16.496	[34minfo[0m	C:/Users/Lenovo/Desktop/douyin/QinYin/QingYin/initialize/router.go:20	use middleware logger
[QinDouYin/Jaki]2022/06/06 - 23:03:16.498	[34minfo[0m	C:/Users/Lenovo/Desktop/douyin/QinYin/QingYin/initialize/router.go:32	router register success
[QinDouYin/Jaki]2022/06/06 - 23:03:16.503	[34minfo[0m	C:/Users/Lenovo/Desktop/douyin/QinYin/QingYin/core/server.go:26	server run success on 	{"address": ":8080"}
[QinDouYin/Jaki]2022/06/06 - 23:09:21.104	[34minfo[0m	C:/Users/Lenovo/Desktop/douyin/QinYin/QingYin/initialize/gorm_mysql.go:49	register table success
[QinDouYin/Jaki]2022/06/06 - 23:09:21.105	[34minfo[0m	C:/Users/Lenovo/Desktop/douyin/QinYin/QingYin/initialize/router.go:18	文件上传路径:	{"filePath:": "uploads/file"}
[QinDouYin/Jaki]2022/06/06 - 23:09:21.105	[34minfo[0m	C:/Users/Lenovo/Desktop/douyin/QinYin/QingYin/initialize/router.go:20	use middleware logger
[QinDouYin/Jaki]2022/06/06 - 23:09:21.106	[34minfo[0m	C:/Users/Lenovo/Desktop/douyin/QinYin/QingYin/initialize/router.go:32	router register success
[QinDouYin/Jaki]2022/06/06 - 23:09:21.110	[34minfo[0m	C:/Users/Lenovo/Desktop/douyin/QinYin/QingYin/core/server.go:26	server run success on 	{"address": ":8080"}
[QinDouYin/Jaki]2022/06/06 - 23:13:52.502	[34minfo[0m	C:/Users/Lenovo/Desktop/douyin/QinYin/QingYin/initialize/gorm_mysql.go:49	register table success
[QinDouYin/Jaki]2022/06/06 - 23:13:52.503	[34minfo[0m	C:/Users/Lenovo/Desktop/douyin/QinYin/QingYin/initialize/router.go:18	文件上传路径:	{"filePath:": "uploads/file"}
[QinDouYin/Jaki]2022/06/06 - 23:13:52.503	[34minfo[0m	C:/Users/Lenovo/Desktop/douyin/QinYin/QingYin/initialize/router.go:20	use middleware logger
[QinDouYin/Jaki]2022/06/06 - 23:13:52.505	[34minfo[0m	C:/Users/Lenovo/Desktop/douyin/QinYin/QingYin/initialize/router.go:32	router register success
[QinDouYin/Jaki]2022/06/06 - 23:13:52.506	[34minfo[0m	C:/Users/Lenovo/Desktop/douyin/QinYin/QingYin/core/server.go:26	server run success on 	{"address": ":8080"}
[QinDouYin/Jaki]2022/06/06 - 23:15:04.447	[34minfo[0m	C:/Users/Lenovo/Desktop/douyin/QinYin/QingYin/initialize/gorm_mysql.go:49	register table success
[QinDouYin/Jaki]2022/06/06 - 23:15:04.448	[34minfo[0m	C:/Users/Lenovo/Desktop/douyin/QinYin/QingYin/initialize/router.go:18	文件上传路径:	{"filePath:": "uploads/file"}
[QinDouYin/Jaki]2022/06/06 - 23:15:04.449	[34minfo[0m	C:/Users/Lenovo/Desktop/douyin/QinYin/QingYin/initialize/router.go:20	use middleware logger
[QinDouYin/Jaki]2022/06/06 - 23:15:04.450	[34minfo[0m	C:/Users/Lenovo/Desktop/douyin/QinYin/QingYin/initialize/router.go:32	router register success
[QinDouYin/Jaki]2022/06/06 - 23:15:04.466	[34minfo[0m	C:/Users/Lenovo/Desktop/douyin/QinYin/QingYin/core/server.go:26	server run success on 	{"address": ":8080"}
[QinDouYin/Jaki]2022/06/06 - 23:16:11.296	[34minfo[0m	C:/Users/Lenovo/Desktop/douyin/QinYin/QingYin/initialize/gorm_mysql.go:49	register table success
[QinDouYin/Jaki]2022/06/06 - 23:16:11.298	[34minfo[0m	C:/Users/Lenovo/Desktop/douyin/QinYin/QingYin/initialize/router.go:18	文件上传路径:	{"filePath:": "uploads/file"}
[QinDouYin/Jaki]2022/06/06 - 23:16:11.298	[34minfo[0m	C:/Users/Lenovo/Desktop/douyin/QinYin/QingYin/initialize/router.go:20	use middleware logger
[QinDouYin/Jaki]2022/06/06 - 23:16:11.299	[34minfo[0m	C:/Users/Lenovo/Desktop/douyin/QinYin/QingYin/initialize/router.go:32	router register success
[QinDouYin/Jaki]2022/06/06 - 23:16:11.311	[34minfo[0m	C:/Users/Lenovo/Desktop/douyin/QinYin/QingYin/core/server.go:26	server run success on 	{"address": ":8080"}
[QinDouYin/Jaki]2022/06/06 - 23:24:42.984	[34minfo[0m	C:/Users/Lenovo/Desktop/douyin/QinYin/QingYin/initialize/gorm_mysql.go:49	register table success
[QinDouYin/Jaki]2022/06/06 - 23:24:42.985	[34minfo[0m	C:/Users/Lenovo/Desktop/douyin/QinYin/QingYin/initialize/router.go:18	文件上传路径:	{"filePath:": "uploads/file"}
[QinDouYin/Jaki]2022/06/06 - 23:24:42.985	[34minfo[0m	C:/Users/Lenovo/Desktop/douyin/QinYin/QingYin/initialize/router.go:20	use middleware logger
[QinDouYin/Jaki]2022/06/06 - 23:24:42.987	[34minfo[0m	C:/Users/Lenovo/Desktop/douyin/QinYin/QingYin/initialize/router.go:32	router register success
[QinDouYin/Jaki]2022/06/06 - 23:24:42.990	[34minfo[0m	C:/Users/Lenovo/Desktop/douyin/QinYin/QingYin/core/server.go:26	server run success on 	{"address": ":8080"}
