[QinDouYin/Jaki]2022/06/04 - 13:21:06.820	[34minfo[0m	C:/Users/Lenovo/Desktop/douyin/QinYin/QingYin/initialize/gorm_mysql.go:51	register table success
[QinDouYin/Jaki]2022/06/04 - 13:21:06.822	[34minfo[0m	C:/Users/Lenovo/Desktop/douyin/QinYin/QingYin/initialize/router.go:18	文件上传路径:	{"filePath:": "uploads/file"}
[QinDouYin/Jaki]2022/06/04 - 13:21:06.822	[34minfo[0m	C:/Users/Lenovo/Desktop/douyin/QinYin/QingYin/initialize/router.go:20	use middleware logger
[QinDouYin/Jaki]2022/06/04 - 13:21:06.823	[34minfo[0m	C:/Users/Lenovo/Desktop/douyin/QinYin/QingYin/initialize/router.go:35	router register success
[QinDouYin/Jaki]2022/06/04 - 13:21:06.830	[34minfo[0m	C:/Users/Lenovo/Desktop/douyin/QinYin/QingYin/core/server.go:26	server run success on 	{"address": ":8080"}
[QinDouYin/Jaki]2022/06/04 - 13:32:28.755	[34minfo[0m	C:/Users/Lenovo/Desktop/douyin/QinYin/QingYin/initialize/gorm_mysql.go:51	register table success
[QinDouYin/Jaki]2022/06/04 - 13:32:28.756	[34minfo[0m	C:/Users/Lenovo/Desktop/douyin/QinYin/QingYin/initialize/router.go:18	文件上传路径:	{"filePath:": "uploads/file"}
[QinDouYin/Jaki]2022/06/04 - 13:32:28.756	[34minfo[0m	C:/Users/Lenovo/Desktop/douyin/QinYin/QingYin/initialize/router.go:20	use middleware logger
[QinDouYin/Jaki]2022/06/04 - 13:32:28.757	[34minfo[0m	C:/Users/Lenovo/Desktop/douyin/QinYin/QingYin/initialize/router.go:35	router register success
[QinDouYin/Jaki]2022/06/04 - 13:32:28.766	[34minfo[0m	C:/Users/Lenovo/Desktop/douyin/QinYin/QingYin/core/server.go:26	server run success on 	{"address": ":8080"}
[QinDouYin/Jaki]2022/06/04 - 13:33:56.849	[34minfo[0m	C:/Users/Lenovo/Desktop/douyin/QinYin/QingYin/initialize/gorm_mysql.go:51	register table success
[QinDouYin/Jaki]2022/06/04 - 13:33:56.850	[34minfo[0m	C:/Users/Lenovo/Desktop/douyin/QinYin/QingYin/initialize/router.go:18	文件上传路径:	{"filePath:": "uploads/file"}
[QinDouYin/Jaki]2022/06/04 - 13:33:56.850	[34minfo[0m	C:/Users/Lenovo/Desktop/douyin/QinYin/QingYin/initialize/router.go:20	use middleware logger
[QinDouYin/Jaki]2022/06/04 - 13:33:56.850	[34minfo[0m	C:/Users/Lenovo/Desktop/douyin/QinYin/QingYin/initialize/router.go:35	router register success
[QinDouYin/Jaki]2022/06/04 - 13:33:56.858	[34minfo[0m	C:/Users/Lenovo/Desktop/douyin/QinYin/QingYin/core/server.go:26	server run success on 	{"address": ":8080"}
[QinDouYin/Jaki]2022/06/04 - 13:42:35.446	[34minfo[0m	C:/Users/Lenovo/Desktop/douyin/QinYin/QingYin/initialize/gorm_mysql.go:51	register table success
[QinDouYin/Jaki]2022/06/04 - 13:42:35.447	[34minfo[0m	C:/Users/Lenovo/Desktop/douyin/QinYin/QingYin/initialize/router.go:18	文件上传路径:	{"filePath:": "uploads/file"}
[QinDouYin/Jaki]2022/06/04 - 13:42:35.447	[34minfo[0m	C:/Users/Lenovo/Desktop/douyin/QinYin/QingYin/initialize/router.go:20	use middleware logger
[QinDouYin/Jaki]2022/06/04 - 13:42:35.448	[34minfo[0m	C:/Users/Lenovo/Desktop/douyin/QinYin/QingYin/initialize/router.go:35	router register success
[QinDouYin/Jaki]2022/06/04 - 13:42:35.458	[34minfo[0m	C:/Users/Lenovo/Desktop/douyin/QinYin/QingYin/core/server.go:26	server run success on 	{"address": ":8080"}
[QinDouYin/Jaki]2022/06/04 - 13:43:26.378	[34minfo[0m	C:/Users/Lenovo/Desktop/douyin/QinYin/QingYin/initialize/gorm_mysql.go:51	register table success
[QinDouYin/Jaki]2022/06/04 - 13:43:26.379	[34minfo[0m	C:/Users/Lenovo/Desktop/douyin/QinYin/QingYin/initialize/router.go:18	文件上传路径:	{"filePath:": "uploads/file"}
[QinDouYin/Jaki]2022/06/04 - 13:43:26.379	[34minfo[0m	C:/Users/Lenovo/Desktop/douyin/QinYin/QingYin/initialize/router.go:20	use middleware logger
[QinDouYin/Jaki]2022/06/04 - 13:43:26.379	[34minfo[0m	C:/Users/Lenovo/Desktop/douyin/QinYin/QingYin/initialize/router.go:35	router register success
[QinDouYin/Jaki]2022/06/04 - 13:43:26.391	[34minfo[0m	C:/Users/Lenovo/Desktop/douyin/QinYin/QingYin/core/server.go:26	server run success on 	{"address": ":8080"}
[QinDouYin/Jaki]2022/06/04 - 13:43:55.200	[34minfo[0m	C:/Users/Lenovo/Desktop/douyin/QinYin/QingYin/initialize/gorm_mysql.go:51	register table success
[QinDouYin/Jaki]2022/06/04 - 13:43:55.201	[34minfo[0m	C:/Users/Lenovo/Desktop/douyin/QinYin/QingYin/initialize/router.go:18	文件上传路径:	{"filePath:": "uploads/file"}
[QinDouYin/Jaki]2022/06/04 - 13:43:55.201	[34minfo[0m	C:/Users/Lenovo/Desktop/douyin/QinYin/QingYin/initialize/router.go:20	use middleware logger
[QinDouYin/Jaki]2022/06/04 - 13:43:55.201	[34minfo[0m	C:/Users/Lenovo/Desktop/douyin/QinYin/QingYin/initialize/router.go:35	router register success
[QinDouYin/Jaki]2022/06/04 - 13:43:55.207	[34minfo[0m	C:/Users/Lenovo/Desktop/douyin/QinYin/QingYin/core/server.go:26	server run success on 	{"address": ":8080"}
[QinDouYin/Jaki]2022/06/04 - 13:44:08.819	[34minfo[0m	C:/Users/Lenovo/Desktop/douyin/QinYin/QingYin/initialize/gorm_mysql.go:51	register table success
[QinDouYin/Jaki]2022/06/04 - 13:44:08.820	[34minfo[0m	C:/Users/Lenovo/Desktop/douyin/QinYin/QingYin/initialize/router.go:18	文件上传路径:	{"filePath:": "uploads/file"}
[QinDouYin/Jaki]2022/06/04 - 13:44:08.821	[34minfo[0m	C:/Users/Lenovo/Desktop/douyin/QinYin/QingYin/initialize/router.go:20	use middleware logger
[QinDouYin/Jaki]2022/06/04 - 13:44:08.821	[34minfo[0m	C:/Users/Lenovo/Desktop/douyin/QinYin/QingYin/initialize/router.go:35	router register success
[QinDouYin/Jaki]2022/06/04 - 13:44:08.824	[34minfo[0m	C:/Users/Lenovo/Desktop/douyin/QinYin/QingYin/core/server.go:26	server run success on 	{"address": ":8080"}
[QinDouYin/Jaki]2022/06/04 - 13:45:05.114	[34minfo[0m	C:/Users/Lenovo/Desktop/douyin/QinYin/QingYin/initialize/gorm_mysql.go:51	register table success
[QinDouYin/Jaki]2022/06/04 - 13:45:05.115	[34minfo[0m	C:/Users/Lenovo/Desktop/douyin/QinYin/QingYin/initialize/router.go:18	文件上传路径:	{"filePath:": "uploads/file"}
[QinDouYin/Jaki]2022/06/04 - 13:45:05.115	[34minfo[0m	C:/Users/Lenovo/Desktop/douyin/QinYin/QingYin/initialize/router.go:20	use middleware logger
[QinDouYin/Jaki]2022/06/04 - 13:45:05.116	[34minfo[0m	C:/Users/Lenovo/Desktop/douyin/QinYin/QingYin/initialize/router.go:35	router register success
[QinDouYin/Jaki]2022/06/04 - 13:45:05.118	[34minfo[0m	C:/Users/Lenovo/Desktop/douyin/QinYin/QingYin/core/server.go:26	server run success on 	{"address": ":8080"}
[QinDouYin/Jaki]2022/06/04 - 13:51:40.244	[34minfo[0m	C:/Users/Lenovo/Desktop/douyin/QinYin/QingYin/initialize/gorm_mysql.go:51	register table success
[QinDouYin/Jaki]2022/06/04 - 13:51:40.245	[34minfo[0m	C:/Users/Lenovo/Desktop/douyin/QinYin/QingYin/initialize/router.go:18	文件上传路径:	{"filePath:": "uploads/file"}
[QinDouYin/Jaki]2022/06/04 - 13:51:40.245	[34minfo[0m	C:/Users/Lenovo/Desktop/douyin/QinYin/QingYin/initialize/router.go:20	use middleware logger
[QinDouYin/Jaki]2022/06/04 - 13:51:40.246	[34minfo[0m	C:/Users/Lenovo/Desktop/douyin/QinYin/QingYin/initialize/router.go:35	router register success
[QinDouYin/Jaki]2022/06/04 - 13:51:40.254	[34minfo[0m	C:/Users/Lenovo/Desktop/douyin/QinYin/QingYin/core/server.go:26	server run success on 	{"address": ":8080"}
[QinDouYin/Jaki]2022/06/04 - 13:53:44.009	[34minfo[0m	C:/Users/Lenovo/Desktop/douyin/QinYin/QingYin/initialize/gorm_mysql.go:51	register table success
[QinDouYin/Jaki]2022/06/04 - 13:53:44.009	[34minfo[0m	C:/Users/Lenovo/Desktop/douyin/QinYin/QingYin/initialize/router.go:18	文件上传路径:	{"filePath:": "uploads/file"}
[QinDouYin/Jaki]2022/06/04 - 13:53:44.010	[34minfo[0m	C:/Users/Lenovo/Desktop/douyin/QinYin/QingYin/initialize/router.go:20	use middleware logger
[QinDouYin/Jaki]2022/06/04 - 13:53:44.010	[34minfo[0m	C:/Users/Lenovo/Desktop/douyin/QinYin/QingYin/initialize/router.go:35	router register success
[QinDouYin/Jaki]2022/06/04 - 13:53:44.024	[34minfo[0m	C:/Users/Lenovo/Desktop/douyin/QinYin/QingYin/core/server.go:26	server run success on 	{"address": ":8080"}
